  [1m[35m (1735.5ms)[0m  [1m[35mCREATE DATABASE "chatln_development" ENCODING = 'unicode'[0m
  ↳ /home/inouss/.rbenv/versions/2.5.1/bin/rake:23
  [1m[35m (696.3ms)[0m  [1m[35mCREATE DATABASE "chatln_test" ENCODING = 'unicode'[0m
  ↳ /home/inouss/.rbenv/versions/2.5.1/bin/rake:23
Started GET "/" for 127.0.0.1 at 2019-11-18 11:34:12 +0000
Processing by Rails::WelcomeController#index as HTML
  Rendering /home/inouss/.rbenv/versions/2.5.1/lib/ruby/gems/2.5.0/gems/railties-5.2.3/lib/rails/templates/rails/welcome/index.html.erb
  Rendered /home/inouss/.rbenv/versions/2.5.1/lib/ruby/gems/2.5.0/gems/railties-5.2.3/lib/rails/templates/rails/welcome/index.html.erb (1.8ms)
Completed 200 OK in 9ms (Views: 4.4ms | ActiveRecord: 0.0ms)


Started GET "/" for 127.0.0.1 at 2019-11-18 13:46:21 +0000
Processing by Rails::WelcomeController#index as HTML
  Rendering /home/inouss/.rbenv/versions/2.5.1/lib/ruby/gems/2.5.0/gems/railties-5.2.3/lib/rails/templates/rails/welcome/index.html.erb
  Rendered /home/inouss/.rbenv/versions/2.5.1/lib/ruby/gems/2.5.0/gems/railties-5.2.3/lib/rails/templates/rails/welcome/index.html.erb (1.8ms)
Completed 200 OK in 8ms (Views: 3.9ms | ActiveRecord: 0.0ms)


Started GET "/" for 127.0.0.1 at 2019-11-27 18:37:53 +0000
Processing by Rails::WelcomeController#index as HTML
  Rendering /home/inouss/.rbenv/versions/2.5.1/lib/ruby/gems/2.5.0/gems/railties-5.2.3/lib/rails/templates/rails/welcome/index.html.erb
  Rendered /home/inouss/.rbenv/versions/2.5.1/lib/ruby/gems/2.5.0/gems/railties-5.2.3/lib/rails/templates/rails/welcome/index.html.erb (1.7ms)
Completed 200 OK in 45ms (Views: 18.9ms | ActiveRecord: 0.0ms)


Started GET "/welcome/index" for 127.0.0.1 at 2019-11-27 18:56:37 +0000
Processing by WelcomeController#index as HTML
  Rendering welcome/index.html.erb within layouts/application
  Rendered welcome/index.html.erb within layouts/application (0.9ms)
Completed 200 OK in 2423ms (Views: 2415.7ms | ActiveRecord: 0.0ms)


Started GET "/" for 127.0.0.1 at 2019-11-27 18:58:25 +0000
Processing by Rails::WelcomeController#index as HTML
  Rendering /home/inouss/.rbenv/versions/2.5.1/lib/ruby/gems/2.5.0/gems/railties-5.2.3/lib/rails/templates/rails/welcome/index.html.erb
  Rendered /home/inouss/.rbenv/versions/2.5.1/lib/ruby/gems/2.5.0/gems/railties-5.2.3/lib/rails/templates/rails/welcome/index.html.erb (1.3ms)
Completed 200 OK in 3ms (Views: 2.1ms | ActiveRecord: 0.0ms)


Started GET "/welcome/index" for 127.0.0.1 at 2019-11-27 18:58:33 +0000
Processing by WelcomeController#index as HTML
  Rendering welcome/index.html.erb within layouts/application
  Rendered welcome/index.html.erb within layouts/application (0.2ms)
Completed 200 OK in 11ms (Views: 10.7ms | ActiveRecord: 0.0ms)


Started GET "/welcome/index" for 127.0.0.1 at 2019-11-27 19:08:14 +0000
Processing by WelcomeController#index as HTML
  Rendering welcome/index.html.erb within layouts/application
  Rendered welcome/index.html.erb within layouts/application (0.2ms)
Completed 200 OK in 11ms (Views: 10.0ms | ActiveRecord: 0.0ms)


Started GET "/welcome/index" for 127.0.0.1 at 2019-11-27 19:12:02 +0000
Processing by WelcomeController#index as HTML
  Rendering welcome/index.html.erb within layouts/application
  Rendered welcome/index.html.erb within layouts/application (0.3ms)
Completed 200 OK in 11ms (Views: 10.5ms | ActiveRecord: 0.0ms)


Started GET "/welcome/articles" for 127.0.0.1 at 2019-11-27 19:12:20 +0000
  
ActionController::RoutingError (No route matches [GET] "/welcome/articles"):
  
actionpack (5.2.3) lib/action_dispatch/middleware/debug_exceptions.rb:65:in `call'
web-console (3.7.0) lib/web_console/middleware.rb:135:in `call_app'
web-console (3.7.0) lib/web_console/middleware.rb:30:in `block in call'
web-console (3.7.0) lib/web_console/middleware.rb:20:in `catch'
web-console (3.7.0) lib/web_console/middleware.rb:20:in `call'
actionpack (5.2.3) lib/action_dispatch/middleware/show_exceptions.rb:33:in `call'
railties (5.2.3) lib/rails/rack/logger.rb:38:in `call_app'
railties (5.2.3) lib/rails/rack/logger.rb:26:in `block in call'
activesupport (5.2.3) lib/active_support/tagged_logging.rb:71:in `block in tagged'
activesupport (5.2.3) lib/active_support/tagged_logging.rb:28:in `tagged'
activesupport (5.2.3) lib/active_support/tagged_logging.rb:71:in `tagged'
railties (5.2.3) lib/rails/rack/logger.rb:26:in `call'
sprockets-rails (3.2.1) lib/sprockets/rails/quiet_assets.rb:13:in `call'
actionpack (5.2.3) lib/action_dispatch/middleware/remote_ip.rb:81:in `call'
actionpack (5.2.3) lib/action_dispatch/middleware/request_id.rb:27:in `call'
rack (2.0.7) lib/rack/method_override.rb:22:in `call'
rack (2.0.7) lib/rack/runtime.rb:22:in `call'
activesupport (5.2.3) lib/active_support/cache/strategy/local_cache_middleware.rb:29:in `call'
actionpack (5.2.3) lib/action_dispatch/middleware/executor.rb:14:in `call'
actionpack (5.2.3) lib/action_dispatch/middleware/static.rb:127:in `call'
rack (2.0.7) lib/rack/sendfile.rb:111:in `call'
railties (5.2.3) lib/rails/engine.rb:524:in `call'
puma (3.12.1) lib/puma/configuration.rb:227:in `call'
puma (3.12.1) lib/puma/server.rb:660:in `handle_request'
puma (3.12.1) lib/puma/server.rb:474:in `process_client'
puma (3.12.1) lib/puma/server.rb:334:in `block in run'
puma (3.12.1) lib/puma/thread_pool.rb:135:in `block in spawn_thread'
Started GET "/articles/new" for 127.0.0.1 at 2019-11-27 19:13:33 +0000
  
ActionController::RoutingError (uninitialized constant ArticlesController):
  
bootsnap (1.4.5) lib/bootsnap/load_path_cache/core_ext/active_support.rb:79:in `block in load_missing_constant'
bootsnap (1.4.5) lib/bootsnap/load_path_cache/core_ext/active_support.rb:8:in `without_bootsnap_cache'
bootsnap (1.4.5) lib/bootsnap/load_path_cache/core_ext/active_support.rb:79:in `rescue in load_missing_constant'
bootsnap (1.4.5) lib/bootsnap/load_path_cache/core_ext/active_support.rb:58:in `load_missing_constant'
activesupport (5.2.3) lib/active_support/inflector/methods.rb:283:in `const_get'
activesupport (5.2.3) lib/active_support/inflector/methods.rb:283:in `block in constantize'
activesupport (5.2.3) lib/active_support/inflector/methods.rb:281:in `each'
activesupport (5.2.3) lib/active_support/inflector/methods.rb:281:in `inject'
activesupport (5.2.3) lib/active_support/inflector/methods.rb:281:in `constantize'
actionpack (5.2.3) lib/action_dispatch/http/request.rb:88:in `controller_class_for'
actionpack (5.2.3) lib/action_dispatch/http/request.rb:81:in `controller_class'
actionpack (5.2.3) lib/action_dispatch/routing/route_set.rb:46:in `controller'
actionpack (5.2.3) lib/action_dispatch/routing/route_set.rb:32:in `serve'
actionpack (5.2.3) lib/action_dispatch/journey/router.rb:52:in `block in serve'
actionpack (5.2.3) lib/action_dispatch/journey/router.rb:35:in `each'
actionpack (5.2.3) lib/action_dispatch/journey/router.rb:35:in `serve'
actionpack (5.2.3) lib/action_dispatch/routing/route_set.rb:840:in `call'
rack (2.0.7) lib/rack/tempfile_reaper.rb:15:in `call'
rack (2.0.7) lib/rack/etag.rb:25:in `call'
rack (2.0.7) lib/rack/conditional_get.rb:25:in `call'
rack (2.0.7) lib/rack/head.rb:12:in `call'
actionpack (5.2.3) lib/action_dispatch/http/content_security_policy.rb:18:in `call'
rack (2.0.7) lib/rack/session/abstract/id.rb:232:in `context'
rack (2.0.7) lib/rack/session/abstract/id.rb:226:in `call'
actionpack (5.2.3) lib/action_dispatch/middleware/cookies.rb:670:in `call'
activerecord (5.2.3) lib/active_record/migration.rb:559:in `call'
actionpack (5.2.3) lib/action_dispatch/middleware/callbacks.rb:28:in `block in call'
activesupport (5.2.3) lib/active_support/callbacks.rb:98:in `run_callbacks'
actionpack (5.2.3) lib/action_dispatch/middleware/callbacks.rb:26:in `call'
actionpack (5.2.3) lib/action_dispatch/middleware/executor.rb:14:in `call'
actionpack (5.2.3) lib/action_dispatch/middleware/debug_exceptions.rb:61:in `call'
web-console (3.7.0) lib/web_console/middleware.rb:135:in `call_app'
web-console (3.7.0) lib/web_console/middleware.rb:30:in `block in call'
web-console (3.7.0) lib/web_console/middleware.rb:20:in `catch'
web-console (3.7.0) lib/web_console/middleware.rb:20:in `call'
actionpack (5.2.3) lib/action_dispatch/middleware/show_exceptions.rb:33:in `call'
railties (5.2.3) lib/rails/rack/logger.rb:38:in `call_app'
railties (5.2.3) lib/rails/rack/logger.rb:26:in `block in call'
activesupport (5.2.3) lib/active_support/tagged_logging.rb:71:in `block in tagged'
activesupport (5.2.3) lib/active_support/tagged_logging.rb:28:in `tagged'
activesupport (5.2.3) lib/active_support/tagged_logging.rb:71:in `tagged'
railties (5.2.3) lib/rails/rack/logger.rb:26:in `call'
sprockets-rails (3.2.1) lib/sprockets/rails/quiet_assets.rb:13:in `call'
actionpack (5.2.3) lib/action_dispatch/middleware/remote_ip.rb:81:in `call'
actionpack (5.2.3) lib/action_dispatch/middleware/request_id.rb:27:in `call'
rack (2.0.7) lib/rack/method_override.rb:22:in `call'
rack (2.0.7) lib/rack/runtime.rb:22:in `call'
activesupport (5.2.3) lib/active_support/cache/strategy/local_cache_middleware.rb:29:in `call'
actionpack (5.2.3) lib/action_dispatch/middleware/executor.rb:14:in `call'
actionpack (5.2.3) lib/action_dispatch/middleware/static.rb:127:in `call'
rack (2.0.7) lib/rack/sendfile.rb:111:in `call'
railties (5.2.3) lib/rails/engine.rb:524:in `call'
puma (3.12.1) lib/puma/configuration.rb:227:in `call'
puma (3.12.1) lib/puma/server.rb:660:in `handle_request'
puma (3.12.1) lib/puma/server.rb:474:in `process_client'
puma (3.12.1) lib/puma/server.rb:334:in `block in run'
puma (3.12.1) lib/puma/thread_pool.rb:135:in `block in spawn_thread'
Started GET "/articles/new" for 127.0.0.1 at 2019-11-27 19:16:15 +0000
  
AbstractController::ActionNotFound (The action 'new' could not be found for ArticlesController):
  
actionpack (5.2.3) lib/abstract_controller/base.rb:129:in `process'
actionview (5.2.3) lib/action_view/rendering.rb:32:in `process'
actionpack (5.2.3) lib/action_controller/metal.rb:191:in `dispatch'
actionpack (5.2.3) lib/action_controller/metal.rb:252:in `dispatch'
actionpack (5.2.3) lib/action_dispatch/routing/route_set.rb:52:in `dispatch'
actionpack (5.2.3) lib/action_dispatch/routing/route_set.rb:34:in `serve'
actionpack (5.2.3) lib/action_dispatch/journey/router.rb:52:in `block in serve'
actionpack (5.2.3) lib/action_dispatch/journey/router.rb:35:in `each'
actionpack (5.2.3) lib/action_dispatch/journey/router.rb:35:in `serve'
actionpack (5.2.3) lib/action_dispatch/routing/route_set.rb:840:in `call'
rack (2.0.7) lib/rack/tempfile_reaper.rb:15:in `call'
rack (2.0.7) lib/rack/etag.rb:25:in `call'
rack (2.0.7) lib/rack/conditional_get.rb:25:in `call'
rack (2.0.7) lib/rack/head.rb:12:in `call'
actionpack (5.2.3) lib/action_dispatch/http/content_security_policy.rb:18:in `call'
rack (2.0.7) lib/rack/session/abstract/id.rb:232:in `context'
rack (2.0.7) lib/rack/session/abstract/id.rb:226:in `call'
actionpack (5.2.3) lib/action_dispatch/middleware/cookies.rb:670:in `call'
activerecord (5.2.3) lib/active_record/migration.rb:559:in `call'
actionpack (5.2.3) lib/action_dispatch/middleware/callbacks.rb:28:in `block in call'
activesupport (5.2.3) lib/active_support/callbacks.rb:98:in `run_callbacks'
actionpack (5.2.3) lib/action_dispatch/middleware/callbacks.rb:26:in `call'
actionpack (5.2.3) lib/action_dispatch/middleware/executor.rb:14:in `call'
actionpack (5.2.3) lib/action_dispatch/middleware/debug_exceptions.rb:61:in `call'
web-console (3.7.0) lib/web_console/middleware.rb:135:in `call_app'
web-console (3.7.0) lib/web_console/middleware.rb:30:in `block in call'
web-console (3.7.0) lib/web_console/middleware.rb:20:in `catch'
web-console (3.7.0) lib/web_console/middleware.rb:20:in `call'
actionpack (5.2.3) lib/action_dispatch/middleware/show_exceptions.rb:33:in `call'
railties (5.2.3) lib/rails/rack/logger.rb:38:in `call_app'
railties (5.2.3) lib/rails/rack/logger.rb:26:in `block in call'
activesupport (5.2.3) lib/active_support/tagged_logging.rb:71:in `block in tagged'
activesupport (5.2.3) lib/active_support/tagged_logging.rb:28:in `tagged'
activesupport (5.2.3) lib/active_support/tagged_logging.rb:71:in `tagged'
railties (5.2.3) lib/rails/rack/logger.rb:26:in `call'
sprockets-rails (3.2.1) lib/sprockets/rails/quiet_assets.rb:13:in `call'
actionpack (5.2.3) lib/action_dispatch/middleware/remote_ip.rb:81:in `call'
actionpack (5.2.3) lib/action_dispatch/middleware/request_id.rb:27:in `call'
rack (2.0.7) lib/rack/method_override.rb:22:in `call'
rack (2.0.7) lib/rack/runtime.rb:22:in `call'
activesupport (5.2.3) lib/active_support/cache/strategy/local_cache_middleware.rb:29:in `call'
actionpack (5.2.3) lib/action_dispatch/middleware/executor.rb:14:in `call'
actionpack (5.2.3) lib/action_dispatch/middleware/static.rb:127:in `call'
rack (2.0.7) lib/rack/sendfile.rb:111:in `call'
railties (5.2.3) lib/rails/engine.rb:524:in `call'
puma (3.12.1) lib/puma/configuration.rb:227:in `call'
puma (3.12.1) lib/puma/server.rb:660:in `handle_request'
puma (3.12.1) lib/puma/server.rb:474:in `process_client'
puma (3.12.1) lib/puma/server.rb:334:in `block in run'
puma (3.12.1) lib/puma/thread_pool.rb:135:in `block in spawn_thread'
Started GET "/articles/new" for 127.0.0.1 at 2019-11-27 19:18:42 +0000
Processing by ArticlesController#new as HTML
Completed 406 Not Acceptable in 11ms (ActiveRecord: 0.0ms)


  
ActionController::UnknownFormat (ArticlesController#new is missing a template for this request format and variant.

request.formats: ["text/html"]
request.variant: []

NOTE! For XHR/Ajax or API requests, this action would normally respond with 204 No Content: an empty white screen. Since you're loading it in a web browser, we assume that you expected to actually render a template, not nothing, so we're showing an error to be extra-clear. If you expect 204 No Content, carry on. That's what you'll get from an XHR or API request. Give it a shot.):
  
actionpack (5.2.3) lib/action_controller/metal/implicit_render.rb:55:in `default_render'
actionpack (5.2.3) lib/action_controller/metal/basic_implicit_render.rb:6:in `block in send_action'
actionpack (5.2.3) lib/action_controller/metal/basic_implicit_render.rb:6:in `tap'
actionpack (5.2.3) lib/action_controller/metal/basic_implicit_render.rb:6:in `send_action'
actionpack (5.2.3) lib/abstract_controller/base.rb:194:in `process_action'
actionpack (5.2.3) lib/action_controller/metal/rendering.rb:30:in `process_action'
actionpack (5.2.3) lib/abstract_controller/callbacks.rb:42:in `block in process_action'
activesupport (5.2.3) lib/active_support/callbacks.rb:132:in `run_callbacks'
actionpack (5.2.3) lib/abstract_controller/callbacks.rb:41:in `process_action'
actionpack (5.2.3) lib/action_controller/metal/rescue.rb:22:in `process_action'
actionpack (5.2.3) lib/action_controller/metal/instrumentation.rb:34:in `block in process_action'
activesupport (5.2.3) lib/active_support/notifications.rb:168:in `block in instrument'
activesupport (5.2.3) lib/active_support/notifications/instrumenter.rb:23:in `instrument'
activesupport (5.2.3) lib/active_support/notifications.rb:168:in `instrument'
actionpack (5.2.3) lib/action_controller/metal/instrumentation.rb:32:in `process_action'
actionpack (5.2.3) lib/action_controller/metal/params_wrapper.rb:256:in `process_action'
activerecord (5.2.3) lib/active_record/railties/controller_runtime.rb:24:in `process_action'
actionpack (5.2.3) lib/abstract_controller/base.rb:134:in `process'
actionview (5.2.3) lib/action_view/rendering.rb:32:in `process'
actionpack (5.2.3) lib/action_controller/metal.rb:191:in `dispatch'
actionpack (5.2.3) lib/action_controller/metal.rb:252:in `dispatch'
actionpack (5.2.3) lib/action_dispatch/routing/route_set.rb:52:in `dispatch'
actionpack (5.2.3) lib/action_dispatch/routing/route_set.rb:34:in `serve'
actionpack (5.2.3) lib/action_dispatch/journey/router.rb:52:in `block in serve'
actionpack (5.2.3) lib/action_dispatch/journey/router.rb:35:in `each'
actionpack (5.2.3) lib/action_dispatch/journey/router.rb:35:in `serve'
actionpack (5.2.3) lib/action_dispatch/routing/route_set.rb:840:in `call'
rack (2.0.7) lib/rack/tempfile_reaper.rb:15:in `call'
rack (2.0.7) lib/rack/etag.rb:25:in `call'
rack (2.0.7) lib/rack/conditional_get.rb:25:in `call'
rack (2.0.7) lib/rack/head.rb:12:in `call'
actionpack (5.2.3) lib/action_dispatch/http/content_security_policy.rb:18:in `call'
rack (2.0.7) lib/rack/session/abstract/id.rb:232:in `context'
rack (2.0.7) lib/rack/session/abstract/id.rb:226:in `call'
actionpack (5.2.3) lib/action_dispatch/middleware/cookies.rb:670:in `call'
activerecord (5.2.3) lib/active_record/migration.rb:559:in `call'
actionpack (5.2.3) lib/action_dispatch/middleware/callbacks.rb:28:in `block in call'
activesupport (5.2.3) lib/active_support/callbacks.rb:98:in `run_callbacks'
actionpack (5.2.3) lib/action_dispatch/middleware/callbacks.rb:26:in `call'
actionpack (5.2.3) lib/action_dispatch/middleware/executor.rb:14:in `call'
actionpack (5.2.3) lib/action_dispatch/middleware/debug_exceptions.rb:61:in `call'
web-console (3.7.0) lib/web_console/middleware.rb:135:in `call_app'
web-console (3.7.0) lib/web_console/middleware.rb:30:in `block in call'
web-console (3.7.0) lib/web_console/middleware.rb:20:in `catch'
web-console (3.7.0) lib/web_console/middleware.rb:20:in `call'
actionpack (5.2.3) lib/action_dispatch/middleware/show_exceptions.rb:33:in `call'
railties (5.2.3) lib/rails/rack/logger.rb:38:in `call_app'
railties (5.2.3) lib/rails/rack/logger.rb:26:in `block in call'
activesupport (5.2.3) lib/active_support/tagged_logging.rb:71:in `block in tagged'
activesupport (5.2.3) lib/active_support/tagged_logging.rb:28:in `tagged'
activesupport (5.2.3) lib/active_support/tagged_logging.rb:71:in `tagged'
railties (5.2.3) lib/rails/rack/logger.rb:26:in `call'
sprockets-rails (3.2.1) lib/sprockets/rails/quiet_assets.rb:13:in `call'
actionpack (5.2.3) lib/action_dispatch/middleware/remote_ip.rb:81:in `call'
actionpack (5.2.3) lib/action_dispatch/middleware/request_id.rb:27:in `call'
rack (2.0.7) lib/rack/method_override.rb:22:in `call'
rack (2.0.7) lib/rack/runtime.rb:22:in `call'
activesupport (5.2.3) lib/active_support/cache/strategy/local_cache_middleware.rb:29:in `call'
actionpack (5.2.3) lib/action_dispatch/middleware/executor.rb:14:in `call'
actionpack (5.2.3) lib/action_dispatch/middleware/static.rb:127:in `call'
rack (2.0.7) lib/rack/sendfile.rb:111:in `call'
railties (5.2.3) lib/rails/engine.rb:524:in `call'
puma (3.12.1) lib/puma/configuration.rb:227:in `call'
puma (3.12.1) lib/puma/server.rb:660:in `handle_request'
puma (3.12.1) lib/puma/server.rb:474:in `process_client'
puma (3.12.1) lib/puma/server.rb:334:in `block in run'
puma (3.12.1) lib/puma/thread_pool.rb:135:in `block in spawn_thread'
Started GET "/articles/new" for 127.0.0.1 at 2019-11-27 19:20:09 +0000
Processing by ArticlesController#new as HTML
Completed 406 Not Acceptable in 11ms (ActiveRecord: 0.0ms)


  
ActionController::UnknownFormat (ArticlesController#new is missing a template for this request format and variant.

request.formats: ["text/html"]
request.variant: []

NOTE! For XHR/Ajax or API requests, this action would normally respond with 204 No Content: an empty white screen. Since you're loading it in a web browser, we assume that you expected to actually render a template, not nothing, so we're showing an error to be extra-clear. If you expect 204 No Content, carry on. That's what you'll get from an XHR or API request. Give it a shot.):
  
actionpack (5.2.3) lib/action_controller/metal/implicit_render.rb:55:in `default_render'
actionpack (5.2.3) lib/action_controller/metal/basic_implicit_render.rb:6:in `block in send_action'
actionpack (5.2.3) lib/action_controller/metal/basic_implicit_render.rb:6:in `tap'
actionpack (5.2.3) lib/action_controller/metal/basic_implicit_render.rb:6:in `send_action'
actionpack (5.2.3) lib/abstract_controller/base.rb:194:in `process_action'
actionpack (5.2.3) lib/action_controller/metal/rendering.rb:30:in `process_action'
actionpack (5.2.3) lib/abstract_controller/callbacks.rb:42:in `block in process_action'
activesupport (5.2.3) lib/active_support/callbacks.rb:132:in `run_callbacks'
actionpack (5.2.3) lib/abstract_controller/callbacks.rb:41:in `process_action'
actionpack (5.2.3) lib/action_controller/metal/rescue.rb:22:in `process_action'
actionpack (5.2.3) lib/action_controller/metal/instrumentation.rb:34:in `block in process_action'
activesupport (5.2.3) lib/active_support/notifications.rb:168:in `block in instrument'
activesupport (5.2.3) lib/active_support/notifications/instrumenter.rb:23:in `instrument'
activesupport (5.2.3) lib/active_support/notifications.rb:168:in `instrument'
actionpack (5.2.3) lib/action_controller/metal/instrumentation.rb:32:in `process_action'
actionpack (5.2.3) lib/action_controller/metal/params_wrapper.rb:256:in `process_action'
activerecord (5.2.3) lib/active_record/railties/controller_runtime.rb:24:in `process_action'
actionpack (5.2.3) lib/abstract_controller/base.rb:134:in `process'
actionview (5.2.3) lib/action_view/rendering.rb:32:in `process'
actionpack (5.2.3) lib/action_controller/metal.rb:191:in `dispatch'
actionpack (5.2.3) lib/action_controller/metal.rb:252:in `dispatch'
actionpack (5.2.3) lib/action_dispatch/routing/route_set.rb:52:in `dispatch'
actionpack (5.2.3) lib/action_dispatch/routing/route_set.rb:34:in `serve'
actionpack (5.2.3) lib/action_dispatch/journey/router.rb:52:in `block in serve'
actionpack (5.2.3) lib/action_dispatch/journey/router.rb:35:in `each'
actionpack (5.2.3) lib/action_dispatch/journey/router.rb:35:in `serve'
actionpack (5.2.3) lib/action_dispatch/routing/route_set.rb:840:in `call'
rack (2.0.7) lib/rack/tempfile_reaper.rb:15:in `call'
rack (2.0.7) lib/rack/etag.rb:25:in `call'
rack (2.0.7) lib/rack/conditional_get.rb:25:in `call'
rack (2.0.7) lib/rack/head.rb:12:in `call'
actionpack (5.2.3) lib/action_dispatch/http/content_security_policy.rb:18:in `call'
rack (2.0.7) lib/rack/session/abstract/id.rb:232:in `context'
rack (2.0.7) lib/rack/session/abstract/id.rb:226:in `call'
actionpack (5.2.3) lib/action_dispatch/middleware/cookies.rb:670:in `call'
activerecord (5.2.3) lib/active_record/migration.rb:559:in `call'
actionpack (5.2.3) lib/action_dispatch/middleware/callbacks.rb:28:in `block in call'
activesupport (5.2.3) lib/active_support/callbacks.rb:98:in `run_callbacks'
actionpack (5.2.3) lib/action_dispatch/middleware/callbacks.rb:26:in `call'
actionpack (5.2.3) lib/action_dispatch/middleware/executor.rb:14:in `call'
actionpack (5.2.3) lib/action_dispatch/middleware/debug_exceptions.rb:61:in `call'
web-console (3.7.0) lib/web_console/middleware.rb:135:in `call_app'
web-console (3.7.0) lib/web_console/middleware.rb:30:in `block in call'
web-console (3.7.0) lib/web_console/middleware.rb:20:in `catch'
web-console (3.7.0) lib/web_console/middleware.rb:20:in `call'
actionpack (5.2.3) lib/action_dispatch/middleware/show_exceptions.rb:33:in `call'
railties (5.2.3) lib/rails/rack/logger.rb:38:in `call_app'
railties (5.2.3) lib/rails/rack/logger.rb:26:in `block in call'
activesupport (5.2.3) lib/active_support/tagged_logging.rb:71:in `block in tagged'
activesupport (5.2.3) lib/active_support/tagged_logging.rb:28:in `tagged'
activesupport (5.2.3) lib/active_support/tagged_logging.rb:71:in `tagged'
railties (5.2.3) lib/rails/rack/logger.rb:26:in `call'
sprockets-rails (3.2.1) lib/sprockets/rails/quiet_assets.rb:13:in `call'
actionpack (5.2.3) lib/action_dispatch/middleware/remote_ip.rb:81:in `call'
actionpack (5.2.3) lib/action_dispatch/middleware/request_id.rb:27:in `call'
rack (2.0.7) lib/rack/method_override.rb:22:in `call'
rack (2.0.7) lib/rack/runtime.rb:22:in `call'
activesupport (5.2.3) lib/active_support/cache/strategy/local_cache_middleware.rb:29:in `call'
actionpack (5.2.3) lib/action_dispatch/middleware/executor.rb:14:in `call'
actionpack (5.2.3) lib/action_dispatch/middleware/static.rb:127:in `call'
rack (2.0.7) lib/rack/sendfile.rb:111:in `call'
railties (5.2.3) lib/rails/engine.rb:524:in `call'
puma (3.12.1) lib/puma/configuration.rb:227:in `call'
puma (3.12.1) lib/puma/server.rb:660:in `handle_request'
puma (3.12.1) lib/puma/server.rb:474:in `process_client'
puma (3.12.1) lib/puma/server.rb:334:in `block in run'
puma (3.12.1) lib/puma/thread_pool.rb:135:in `block in spawn_thread'
Started GET "/articles/new" for 127.0.0.1 at 2019-11-27 19:25:47 +0000
Processing by ArticlesController#new as HTML
  Rendering articles/new.html.erb within layouts/application
  Rendered articles/new.html.erb within layouts/application (0.3ms)
Completed 200 OK in 42ms (Views: 41.4ms | ActiveRecord: 0.0ms)


Started GET "/articles/new" for 127.0.0.1 at 2019-11-27 19:27:36 +0000
Processing by ArticlesController#new as HTML
  Rendering articles/new.html.erb within layouts/application
  Rendered articles/new.html.erb within layouts/application (89.9ms)
Completed 200 OK in 103ms (Views: 101.7ms | ActiveRecord: 0.0ms)


Started GET "/articles/new" for 127.0.0.1 at 2019-11-27 19:44:00 +0000
Processing by ArticlesController#new as HTML
  Rendering articles/new.html.erb within layouts/application
  Rendered articles/new.html.erb within layouts/application (1.0ms)
Completed 500 Internal Server Error in 4ms (ActiveRecord: 0.0ms)


  
SyntaxError (/home/inouss/chatln/app/views/articles/new.html.erb:3: syntax error, unexpected ':', expecting =>
...orm_with scope: :article, url : articles_path, local: true d...
...                              ^
/home/inouss/chatln/app/views/articles/new.html.erb:19: syntax error, unexpected keyword_ensure, expecting end-of-input
          ensure
          ^~~~~~):
  
app/views/articles/new.html.erb:3: syntax error, unexpected ':', expecting =>
app/views/articles/new.html.erb:19: syntax error, unexpected keyword_ensure, expecting end-of-input
Started GET "/articles/new" for 127.0.0.1 at 2019-11-27 19:45:07 +0000
Processing by ArticlesController#new as HTML
  Rendering articles/new.html.erb within layouts/application
  Rendered articles/new.html.erb within layouts/application (1.0ms)
Completed 200 OK in 13ms (Views: 12.5ms | ActiveRecord: 0.0ms)


Started POST "/articles" for 127.0.0.1 at 2019-11-27 19:45:21 +0000
  
AbstractController::ActionNotFound (The action 'create' could not be found for ArticlesController):
  
actionpack (5.2.3) lib/abstract_controller/base.rb:129:in `process'
actionview (5.2.3) lib/action_view/rendering.rb:32:in `process'
actionpack (5.2.3) lib/action_controller/metal.rb:191:in `dispatch'
actionpack (5.2.3) lib/action_controller/metal.rb:252:in `dispatch'
actionpack (5.2.3) lib/action_dispatch/routing/route_set.rb:52:in `dispatch'
actionpack (5.2.3) lib/action_dispatch/routing/route_set.rb:34:in `serve'
actionpack (5.2.3) lib/action_dispatch/journey/router.rb:52:in `block in serve'
actionpack (5.2.3) lib/action_dispatch/journey/router.rb:35:in `each'
actionpack (5.2.3) lib/action_dispatch/journey/router.rb:35:in `serve'
actionpack (5.2.3) lib/action_dispatch/routing/route_set.rb:840:in `call'
rack (2.0.7) lib/rack/tempfile_reaper.rb:15:in `call'
rack (2.0.7) lib/rack/etag.rb:25:in `call'
rack (2.0.7) lib/rack/conditional_get.rb:38:in `call'
rack (2.0.7) lib/rack/head.rb:12:in `call'
actionpack (5.2.3) lib/action_dispatch/http/content_security_policy.rb:18:in `call'
rack (2.0.7) lib/rack/session/abstract/id.rb:232:in `context'
rack (2.0.7) lib/rack/session/abstract/id.rb:226:in `call'
actionpack (5.2.3) lib/action_dispatch/middleware/cookies.rb:670:in `call'
activerecord (5.2.3) lib/active_record/migration.rb:559:in `call'
actionpack (5.2.3) lib/action_dispatch/middleware/callbacks.rb:28:in `block in call'
activesupport (5.2.3) lib/active_support/callbacks.rb:98:in `run_callbacks'
actionpack (5.2.3) lib/action_dispatch/middleware/callbacks.rb:26:in `call'
actionpack (5.2.3) lib/action_dispatch/middleware/executor.rb:14:in `call'
actionpack (5.2.3) lib/action_dispatch/middleware/debug_exceptions.rb:61:in `call'
web-console (3.7.0) lib/web_console/middleware.rb:135:in `call_app'
web-console (3.7.0) lib/web_console/middleware.rb:30:in `block in call'
web-console (3.7.0) lib/web_console/middleware.rb:20:in `catch'
web-console (3.7.0) lib/web_console/middleware.rb:20:in `call'
actionpack (5.2.3) lib/action_dispatch/middleware/show_exceptions.rb:33:in `call'
railties (5.2.3) lib/rails/rack/logger.rb:38:in `call_app'
railties (5.2.3) lib/rails/rack/logger.rb:26:in `block in call'
activesupport (5.2.3) lib/active_support/tagged_logging.rb:71:in `block in tagged'
activesupport (5.2.3) lib/active_support/tagged_logging.rb:28:in `tagged'
activesupport (5.2.3) lib/active_support/tagged_logging.rb:71:in `tagged'
railties (5.2.3) lib/rails/rack/logger.rb:26:in `call'
sprockets-rails (3.2.1) lib/sprockets/rails/quiet_assets.rb:13:in `call'
actionpack (5.2.3) lib/action_dispatch/middleware/remote_ip.rb:81:in `call'
actionpack (5.2.3) lib/action_dispatch/middleware/request_id.rb:27:in `call'
rack (2.0.7) lib/rack/method_override.rb:22:in `call'
rack (2.0.7) lib/rack/runtime.rb:22:in `call'
activesupport (5.2.3) lib/active_support/cache/strategy/local_cache_middleware.rb:29:in `call'
actionpack (5.2.3) lib/action_dispatch/middleware/executor.rb:14:in `call'
actionpack (5.2.3) lib/action_dispatch/middleware/static.rb:127:in `call'
rack (2.0.7) lib/rack/sendfile.rb:111:in `call'
railties (5.2.3) lib/rails/engine.rb:524:in `call'
puma (3.12.1) lib/puma/configuration.rb:227:in `call'
puma (3.12.1) lib/puma/server.rb:660:in `handle_request'
puma (3.12.1) lib/puma/server.rb:474:in `process_client'
puma (3.12.1) lib/puma/server.rb:334:in `block in run'
puma (3.12.1) lib/puma/thread_pool.rb:135:in `block in spawn_thread'
Started POST "/articles" for 127.0.0.1 at 2019-11-27 19:48:23 +0000
Processing by ArticlesController#create as HTML
  Parameters: {"utf8"=>"✓", "authenticity_token"=>"5a7b28uVnqbd6raEmpzzw6pCjqjI8+CSgnPpeVYLVF4ykGlzWGiusY0XYJSqhwwNR/HK8/XkccDw3C+FWFN6sw==", "article"=>{"title"=>"kouto", "text"=>"test"}, "commit"=>"Save Article"}
No template found for ArticlesController#create, rendering head :no_content
Completed 204 No Content in 13ms (ActiveRecord: 0.0ms)


Started POST "/articles" for 127.0.0.1 at 2019-11-28 09:08:25 +0000
Processing by ArticlesController#create as HTML
  Parameters: {"utf8"=>"✓", "authenticity_token"=>"5a7b28uVnqbd6raEmpzzw6pCjqjI8+CSgnPpeVYLVF4ykGlzWGiusY0XYJSqhwwNR/HK8/XkccDw3C+FWFN6sw==", "article"=>{"title"=>"kouto", "text"=>"test"}, "commit"=>"Save Article"}
  Rendering text template
  Rendered text template (0.0ms)
Completed 200 OK in 21ms (Views: 20.2ms | ActiveRecord: 0.0ms)


  [1m[35m (398.4ms)[0m  [1m[35mCREATE TABLE "schema_migrations" ("version" character varying NOT NULL PRIMARY KEY)[0m
  ↳ bin/rails:9
  [1m[35m (117.2ms)[0m  [1m[35mCREATE TABLE "ar_internal_metadata" ("key" character varying NOT NULL PRIMARY KEY, "value" character varying, "created_at" timestamp NOT NULL, "updated_at" timestamp NOT NULL)[0m
  ↳ bin/rails:9
  [1m[35m (0.2ms)[0m  [1m[34mSELECT pg_try_advisory_lock(2865115634861916555)[0m
  ↳ bin/rails:9
  [1m[35m (0.5ms)[0m  [1m[34mSELECT "schema_migrations"."version" FROM "schema_migrations" ORDER BY "schema_migrations"."version" ASC[0m
  ↳ bin/rails:9
Migrating to CreateArticles (20191128091029)
  [1m[35m (0.2ms)[0m  [1m[35mBEGIN[0m
  ↳ bin/rails:9
  [1m[35m (151.3ms)[0m  [1m[35mCREATE TABLE "articles" ("id" bigserial primary key, "title" character varying, "text" text, "created_at" timestamp NOT NULL, "updated_at" timestamp NOT NULL)[0m
  ↳ db/migrate/20191128091029_create_articles.rb:3
  [1m[36mActiveRecord::SchemaMigration Create (0.3ms)[0m  [1m[32mINSERT INTO "schema_migrations" ("version") VALUES ($1) RETURNING "version"[0m  [["version", "20191128091029"]]
  ↳ bin/rails:9
  [1m[35m (17.2ms)[0m  [1m[35mCOMMIT[0m
  ↳ bin/rails:9
  [1m[36mActiveRecord::InternalMetadata Load (0.3ms)[0m  [1m[34mSELECT  "ar_internal_metadata".* FROM "ar_internal_metadata" WHERE "ar_internal_metadata"."key" = $1 LIMIT $2[0m  [["key", "environment"], ["LIMIT", 1]]
  ↳ bin/rails:9
  [1m[35m (0.2ms)[0m  [1m[35mBEGIN[0m
  ↳ bin/rails:9
  [1m[36mActiveRecord::InternalMetadata Create (0.4ms)[0m  [1m[32mINSERT INTO "ar_internal_metadata" ("key", "value", "created_at", "updated_at") VALUES ($1, $2, $3, $4) RETURNING "key"[0m  [["key", "environment"], ["value", "development"], ["created_at", "2019-11-28 09:18:50.983934"], ["updated_at", "2019-11-28 09:18:50.983934"]]
  ↳ bin/rails:9
  [1m[35m (17.4ms)[0m  [1m[35mCOMMIT[0m
  ↳ bin/rails:9
  [1m[35m (0.4ms)[0m  [1m[34mSELECT pg_advisory_unlock(2865115634861916555)[0m
  ↳ bin/rails:9
  [1m[35m (0.3ms)[0m  [1m[34mSELECT "schema_migrations"."version" FROM "schema_migrations" ORDER BY "schema_migrations"."version" ASC[0m
  ↳ bin/rails:9
Started POST "/articles" for 127.0.0.1 at 2019-11-28 09:29:07 +0000
  [1m[35m (0.4ms)[0m  [1m[34mSELECT "schema_migrations"."version" FROM "schema_migrations" ORDER BY "schema_migrations"."version" ASC[0m
  ↳ /home/inouss/.rbenv/versions/2.5.1/lib/ruby/gems/2.5.0/gems/activerecord-5.2.3/lib/active_record/log_subscriber.rb:98
Processing by ArticlesController#create as HTML
  Parameters: {"utf8"=>"✓", "authenticity_token"=>"5a7b28uVnqbd6raEmpzzw6pCjqjI8+CSgnPpeVYLVF4ykGlzWGiusY0XYJSqhwwNR/HK8/XkccDw3C+FWFN6sw==", "article"=>{"title"=>"kouto", "text"=>"test"}, "commit"=>"Save Article"}
Completed 500 Internal Server Error in 13ms (ActiveRecord: 3.0ms)


  
ActiveModel::ForbiddenAttributesError (ActiveModel::ForbiddenAttributesError):
  
app/controllers/articles_controller.rb:6:in `create'
Started POST "/articles" for 127.0.0.1 at 2019-11-28 09:41:17 +0000
Processing by ArticlesController#create as HTML
  Parameters: {"utf8"=>"✓", "authenticity_token"=>"5a7b28uVnqbd6raEmpzzw6pCjqjI8+CSgnPpeVYLVF4ykGlzWGiusY0XYJSqhwwNR/HK8/XkccDw3C+FWFN6sw==", "article"=>{"title"=>"kouto", "text"=>"test"}, "commit"=>"Save Article"}
Completed 500 Internal Server Error in 1ms (ActiveRecord: 0.0ms)


  
ActiveModel::ForbiddenAttributesError (ActiveModel::ForbiddenAttributesError):
  
app/controllers/articles_controller.rb:6:in `create'
Started GET "/" for 127.0.0.1 at 2019-12-02 18:17:21 +0000
  [1m[35m (33.1ms)[0m  [1m[34mSELECT "schema_migrations"."version" FROM "schema_migrations" ORDER BY "schema_migrations"."version" ASC[0m
  ↳ /home/inouss/.rbenv/versions/2.5.1/lib/ruby/gems/2.5.0/gems/activerecord-5.2.3/lib/active_record/log_subscriber.rb:98
Processing by WelcomeController#index as HTML
  Rendering welcome/index.html.erb within layouts/application
  Rendered welcome/index.html.erb within layouts/application (0.6ms)
Completed 200 OK in 365ms (Views: 355.8ms | ActiveRecord: 0.0ms)


Started GET "/home" for 127.0.0.1 at 2019-12-02 18:45:25 +0000
  [1m[35m (0.5ms)[0m  [1m[34mSELECT "schema_migrations"."version" FROM "schema_migrations" ORDER BY "schema_migrations"."version" ASC[0m
  ↳ /home/inouss/.rbenv/versions/2.5.1/lib/ruby/gems/2.5.0/gems/activerecord-5.2.3/lib/active_record/log_subscriber.rb:98
  
ActionController::RoutingError (No route matches [GET] "/home"):
  
actionpack (5.2.3) lib/action_dispatch/middleware/debug_exceptions.rb:65:in `call'
web-console (3.7.0) lib/web_console/middleware.rb:135:in `call_app'
web-console (3.7.0) lib/web_console/middleware.rb:30:in `block in call'
web-console (3.7.0) lib/web_console/middleware.rb:20:in `catch'
web-console (3.7.0) lib/web_console/middleware.rb:20:in `call'
actionpack (5.2.3) lib/action_dispatch/middleware/show_exceptions.rb:33:in `call'
railties (5.2.3) lib/rails/rack/logger.rb:38:in `call_app'
railties (5.2.3) lib/rails/rack/logger.rb:26:in `block in call'
activesupport (5.2.3) lib/active_support/tagged_logging.rb:71:in `block in tagged'
activesupport (5.2.3) lib/active_support/tagged_logging.rb:28:in `tagged'
activesupport (5.2.3) lib/active_support/tagged_logging.rb:71:in `tagged'
railties (5.2.3) lib/rails/rack/logger.rb:26:in `call'
sprockets-rails (3.2.1) lib/sprockets/rails/quiet_assets.rb:13:in `call'
actionpack (5.2.3) lib/action_dispatch/middleware/remote_ip.rb:81:in `call'
actionpack (5.2.3) lib/action_dispatch/middleware/request_id.rb:27:in `call'
rack (2.0.7) lib/rack/method_override.rb:22:in `call'
rack (2.0.7) lib/rack/runtime.rb:22:in `call'
activesupport (5.2.3) lib/active_support/cache/strategy/local_cache_middleware.rb:29:in `call'
actionpack (5.2.3) lib/action_dispatch/middleware/executor.rb:14:in `call'
actionpack (5.2.3) lib/action_dispatch/middleware/static.rb:127:in `call'
rack (2.0.7) lib/rack/sendfile.rb:111:in `call'
railties (5.2.3) lib/rails/engine.rb:524:in `call'
puma (3.12.1) lib/puma/configuration.rb:227:in `call'
puma (3.12.1) lib/puma/server.rb:660:in `handle_request'
puma (3.12.1) lib/puma/server.rb:474:in `process_client'
puma (3.12.1) lib/puma/server.rb:334:in `block in run'
puma (3.12.1) lib/puma/thread_pool.rb:135:in `block in spawn_thread'
Started GET "/pages/home" for 127.0.0.1 at 2019-12-02 18:46:39 +0000
Processing by PagesController#home as HTML
  Rendering pages/home.html.erb within layouts/application
  Rendered pages/home.html.erb within layouts/application (0.2ms)
Completed 200 OK in 203ms (Views: 201.8ms | ActiveRecord: 0.0ms)


Started GET "/pages/home" for 127.0.0.1 at 2019-12-02 18:49:29 +0000
Processing by PagesController#home as HTML
  Rendering pages/home.html.erb within layouts/application
  Rendered pages/home.html.erb within layouts/application (0.3ms)
Completed 200 OK in 13ms (Views: 12.5ms | ActiveRecord: 0.0ms)


Started GET "/pages/home" for 127.0.0.1 at 2019-12-02 19:00:56 +0000
Processing by PagesController#home as HTML
  Rendering pages/home.html.erb within layouts/application
  Rendered pages/home.html.erb within layouts/application (13.4ms)
Completed 200 OK in 29ms (Views: 28.2ms | ActiveRecord: 0.0ms)


